<?xml version="1.0" encoding="UTF-8"?>
<testng-results ignored="0" total="1" passed="1" failed="0" skipped="0">
  <reporter-output>
    <line>
      <![CDATA[Navigate to Patient Info Page]]>
    </line>
    <line>
      <![CDATA[Navigate to Patient Registration page]]>
    </line>
    <line>
      <![CDATA[Read the data from Excel]]>
    </line>
    <line>
      <![CDATA[ Enter The Data Into FirstNmae TextField]]>
    </line>
    <line>
      <![CDATA[ Enter The Data Into LastName TextField]]>
    </line>
    <line>
      <![CDATA[Select OdpPatientDropDown]]>
    </line>
    <line>
      <![CDATA[ Enter The Data Into Address TextField]]>
    </line>
    <line>
      <![CDATA[Enter The Data Into ContactNum TextField]]>
    </line>
    <line>
      <![CDATA[ Enter The Data Into Email TextField]]>
    </line>
    <line>
      <![CDATA[Select GenderDropDown ]]>
    </line>
    <line>
      <![CDATA[Enter The Data Into DOB TextField ]]>
    </line>
    <line>
      <![CDATA[ Select BloodGroupDropDown ]]>
    </line>
    <line>
      <![CDATA[ Click On Submit Button ]]>
    </line>
  </reporter-output>
  <suite started-at="2024-07-01T12:19:24 IST" name="Default suite" finished-at="2024-07-01T12:19:33 IST" duration-ms="9289">
    <groups>
    </groups>
    <test started-at="2024-07-01T12:19:24 IST" name="Default test" finished-at="2024-07-01T12:19:33 IST" duration-ms="9289">
      <class name="com.comcast.crm.HMStest.PatientRegistrationTest">
        <test-method is-config="true" signature="configBS()[pri:0, instance:com.comcast.crm.HMStest.PatientRegistrationTest@66982506]" started-at="2024-07-01T12:19:24 IST" name="configBS" finished-at="2024-07-01T12:19:24 IST" duration-ms="70" status="PASS">
          <reporter-output>
          </reporter-output>
        </test-method> <!-- configBS -->
        <test-method is-config="true" signature="configBC()[pri:0, instance:com.comcast.crm.HMStest.PatientRegistrationTest@66982506]" started-at="2024-07-01T12:19:24 IST" name="configBC" finished-at="2024-07-01T12:19:26 IST" duration-ms="2655" status="PASS">
          <reporter-output>
          </reporter-output>
        </test-method> <!-- configBC -->
        <test-method is-config="true" signature="configBM()[pri:0, instance:com.comcast.crm.HMStest.PatientRegistrationTest@66982506]" started-at="2024-07-01T12:19:26 IST" name="configBM" finished-at="2024-07-01T12:19:27 IST" duration-ms="925" status="PASS">
          <reporter-output>
          </reporter-output>
        </test-method> <!-- configBM -->
        <test-method signature="PatientRegistration()[pri:0, instance:com.comcast.crm.HMStest.PatientRegistrationTest@66982506]" started-at="2024-07-01T12:19:27 IST" name="PatientRegistration" finished-at="2024-07-01T12:19:33 IST" duration-ms="5615" status="PASS">
          <reporter-output>
            <line>
              <![CDATA[Navigate to Patient Info Page]]>
            </line>
            <line>
              <![CDATA[Navigate to Patient Registration page]]>
            </line>
            <line>
              <![CDATA[Read the data from Excel]]>
            </line>
            <line>
              <![CDATA[ Enter The Data Into FirstNmae TextField]]>
            </line>
            <line>
              <![CDATA[ Enter The Data Into LastName TextField]]>
            </line>
            <line>
              <![CDATA[Select OdpPatientDropDown]]>
            </line>
            <line>
              <![CDATA[ Enter The Data Into Address TextField]]>
            </line>
            <line>
              <![CDATA[Enter The Data Into ContactNum TextField]]>
            </line>
            <line>
              <![CDATA[ Enter The Data Into Email TextField]]>
            </line>
            <line>
              <![CDATA[Select GenderDropDown ]]>
            </line>
            <line>
              <![CDATA[Enter The Data Into DOB TextField ]]>
            </line>
            <line>
              <![CDATA[ Select BloodGroupDropDown ]]>
            </line>
            <line>
              <![CDATA[ Click On Submit Button ]]>
            </line>
          </reporter-output>
        </test-method> <!-- PatientRegistration -->
        <test-method is-config="true" signature="configAM()[pri:0, instance:com.comcast.crm.HMStest.PatientRegistrationTest@66982506]" started-at="2024-07-01T12:19:33 IST" name="configAM" finished-at="2024-07-01T12:19:33 IST" duration-ms="1" status="PASS">
          <reporter-output>
          </reporter-output>
        </test-method> <!-- configAM -->
        <test-method is-config="true" signature="configAC()[pri:0, instance:com.comcast.crm.HMStest.PatientRegistrationTest@66982506]" started-at="2024-07-01T12:19:33 IST" name="configAC" finished-at="2024-07-01T12:19:33 IST" duration-ms="1" status="PASS">
          <reporter-output>
          </reporter-output>
        </test-method> <!-- configAC -->
        <test-method is-config="true" signature="configAS()[pri:0, instance:com.comcast.crm.HMStest.PatientRegistrationTest@66982506]" started-at="2024-07-01T12:19:33 IST" name="configAS" finished-at="2024-07-01T12:19:33 IST" duration-ms="377" status="PASS">
          <reporter-output>
          </reporter-output>
        </test-method> <!-- configAS -->
      </class> <!-- com.comcast.crm.HMStest.PatientRegistrationTest -->
    </test> <!-- Default test -->
  </suite> <!-- Default suite -->
</testng-results>
