<?xml version="1.0" encoding="UTF-8"?>
<!-- Generated by org.testng.reporters.JUnitXMLReporter -->
<testsuite ignored="4" hostname="DESKTOP-K82IFAH" failures="0" tests="3" name="Test1" time="21.708" errors="0" timestamp="2024-07-01T12:17:05 IST">
  <testcase classname="com.comcast.crm.HMStest.PatientRegistrationTest" name="PatientRegistration" time="6.0"/>
  <testcase classname="com.comcast.crm.HMStest.CreateRegisterAdmitAllocateRoomTest" name="CreateRegisterAdmitAllocateRoom" time="5.621"/>
  <testcase classname="com.comcast.crm.HMStest.CreatePatientOPDInvoiceTest" name="CreatePatientOPDInvoiceTest" time="1.435"/>
  <testcase classname="com.comcast.crm.generic.basetest.BaseClass" name="@BeforeSuite configBS" time="0.0">
    <ignored/>
  </testcase> <!-- @BeforeSuite configBS -->
  <testcase classname="com.comcast.crm.generic.basetest.BaseClass" name="@AfterSuite configAS" time="0.0">
    <ignored/>
  </testcase> <!-- @AfterSuite configAS -->
  <testcase classname="com.comcast.crm.generic.basetest.BaseClass" name="@BeforeSuite configBS" time="0.0">
    <ignored/>
  </testcase> <!-- @BeforeSuite configBS -->
  <testcase classname="com.comcast.crm.generic.basetest.BaseClass" name="@AfterSuite configAS" time="0.0">
    <ignored/>
  </testcase> <!-- @AfterSuite configAS -->
</testsuite> <!-- Test1 -->
